<?xml version="1.0" encoding="UTF-8"?>
<!-- Generated by org.testng.reporters.JUnitXMLReporter -->
<testsuite hostname="Grigoris-iMac" ignored="0" name="Surefire test" tests="1" failures="1" timestamp="2020-08-13T09:48:54 PDT" time="48.314" errors="0">
  <testcase name="yandexMobileTest" time="45.266" classname="tests.MobilePhonesTest">
    <failure type="java.lang.ClassCastException" message="org.openqa.selenium.By$ByXPath cannot be cast to java.util.List">
      <![CDATA[java.lang.ClassCastException: org.openqa.selenium.By$ByXPath cannot be cast to java.util.List
at pages.YandexSearchResultPage.addFirstInSearchResultList(YandexSearchResultPage.java:60)
at tests.MobilePhonesTest.yandexMobileTest(MobilePhonesTest.java:36)
at java.util.ArrayList.forEach(ArrayList.java:1257)
... Removed 32 stack frames]]>
    </failure>
  </testcase> <!-- yandexMobileTest -->
</testsuite> <!-- Surefire test -->
